[2025-06-21 17:45:53] [Error] [For input string: ""] [For input string: ""]
[2025-06-21 17:45:53] [Error] [For input string: ""] [For input string: ""]
[2025-06-21 17:45:54] [Error] [For input string: ""] [For input string: ""]
[2025-06-21 17:45:55] [Error] [For input string: "fdhgstrhg"] [For input string: "fdhgstrhg"]
[2025-06-21 17:45:56] [Error] [For input string: "fdgsfg"] [For input string: "fdgsfg"]
[2025-06-21 17:45:56] [Error] [For input string: "rgfd"] [For input string: "rgfd"]
[2025-06-21 17:45:57] [Error] [For input string: "vvers"] [For input string: "vvers"]
[2025-06-21 17:45:57] [Error] [For input string: "rter"] [For input string: "rter"]
[2025-06-21 17:45:59] [Error] [For input string: "rt"] [For input string: "rt"]
[2025-06-21 17:46:00] [Error] [For input string: "ert54tgqr"] [For input string: "ert54tgqr"]
[2025-06-21 17:46:01] [Error] [For input string: "ref"] [For input string: "ref"]
[2025-06-21 17:46:01] [Error] [For input string: "adsrf"] [For input string: "adsrf"]
[2025-06-21 17:46:02] [Error] [For input string: "r"] [For input string: "r"]
[2025-06-21 17:46:03] [Error] [For input string: "vfra"] [For input string: "vfra"]
[2025-06-21 17:46:04] [Error] [For input string: "zdf"] [For input string: "zdf"]
[2025-06-21 17:46:05] [Error] [For input string: "gfh"] [For input string: "gfh"]
[2025-06-21 17:46:07] [Error] [For input string: "r"] [For input string: "r"]
[2025-06-21 17:46:08] [Error] [For input string: "r"] [For input string: "r"]
[2025-06-21 17:46:11] [Error] [For input string: "gfg"] [For input string: "gfg"]
[2025-06-21 17:46:11] [Error] [For input string: "gfg"] [For input string: "gfg"]
[2025-06-21 17:46:12] [Error] [For input string: "dfvdfvbfd"] [For input string: "dfvdfvbfd"]
